<?xml version="1.0" encoding="UTF-8"?>
<testng-results ignored="0" total="1" passed="1" failed="0" skipped="0">
  <reporter-output>
  </reporter-output>
  <suite started-at="2021-08-31T09:44:40Z" name="Default suite" finished-at="2021-08-31T09:44:40Z" duration-ms="61">
    <groups>
    </groups>
    <test started-at="2021-08-31T09:44:40Z" name="Default test" finished-at="2021-08-31T09:44:40Z" duration-ms="61">
      <class name="test.Testoutput">
        <test-method is-config="true" signature="BeforeSuite()[pri:0, instance:test.Testoutput@3d3e5463]" started-at="2021-08-31T15:14:40Z" name="BeforeSuite" finished-at="2021-08-31T15:14:40Z" duration-ms="18" status="PASS">
          <reporter-output>
          </reporter-output>
        </test-method> <!-- BeforeSuite -->
        <test-method is-config="true" signature="BeforeTest()[pri:0, instance:test.Testoutput@3d3e5463]" started-at="2021-08-31T15:14:40Z" name="BeforeTest" finished-at="2021-08-31T15:14:40Z" duration-ms="0" status="PASS">
          <reporter-output>
          </reporter-output>
        </test-method> <!-- BeforeTest -->
        <test-method is-config="true" signature="BeforeClass()[pri:0, instance:test.Testoutput@3d3e5463]" started-at="2021-08-31T15:14:40Z" name="BeforeClass" finished-at="2021-08-31T15:14:40Z" duration-ms="1" status="PASS">
          <reporter-output>
          </reporter-output>
        </test-method> <!-- BeforeClass -->
        <test-method is-config="true" signature="beforeMethod()[pri:0, instance:test.Testoutput@3d3e5463]" started-at="2021-08-31T15:14:40Z" name="beforeMethod" finished-at="2021-08-31T15:14:40Z" duration-ms="1" status="PASS">
          <reporter-output>
          </reporter-output>
        </test-method> <!-- beforeMethod -->
        <test-method signature="TestCase1()[pri:0, instance:test.Testoutput@3d3e5463]" started-at="2021-08-31T15:14:40Z" name="TestCase1" finished-at="2021-08-31T15:14:40Z" duration-ms="11" status="PASS">
          <reporter-output>
          </reporter-output>
        </test-method> <!-- TestCase1 -->
        <test-method is-config="true" signature="afterMethod()[pri:0, instance:test.Testoutput@3d3e5463]" started-at="2021-08-31T15:14:40Z" name="afterMethod" finished-at="2021-08-31T15:14:40Z" duration-ms="1" status="PASS">
          <reporter-output>
          </reporter-output>
        </test-method> <!-- afterMethod -->
        <test-method is-config="true" signature="AfterClass()[pri:0, instance:test.Testoutput@3d3e5463]" started-at="2021-08-31T15:14:40Z" name="AfterClass" finished-at="2021-08-31T15:14:40Z" duration-ms="16" status="PASS">
          <reporter-output>
          </reporter-output>
        </test-method> <!-- AfterClass -->
        <test-method is-config="true" signature="AfterTest()[pri:0, instance:test.Testoutput@3d3e5463]" started-at="2021-08-31T15:14:40Z" name="AfterTest" finished-at="2021-08-31T15:14:40Z" duration-ms="1" status="PASS">
          <reporter-output>
          </reporter-output>
        </test-method> <!-- AfterTest -->
        <test-method is-config="true" signature="AfterSuite()[pri:0, instance:test.Testoutput@3d3e5463]" started-at="2021-08-31T15:14:41Z" name="AfterSuite" finished-at="2021-08-31T15:14:41Z" duration-ms="2" status="PASS">
          <reporter-output>
          </reporter-output>
        </test-method> <!-- AfterSuite -->
      </class> <!-- test.Testoutput -->
    </test> <!-- Default test -->
  </suite> <!-- Default suite -->
</testng-results>
